<?xml version="1.0" encoding="UTF-8"?>
<testsuite xmlns:xsi="http://www.w3.org/2001/XMLSchema-instance" xsi:noNamespaceSchemaLocation="https://maven.apache.org/surefire/maven-surefire-plugin/xsd/surefire-test-report.xsd" version="3.0.2" name="com.example.commonlib.CommonLibApplicationTests" time="3.672" tests="1" errors="0" skipped="0" failures="0">
  <properties>
[...]
</properties>
  <testcase name="contextLoads" classname="com.example.commonlib.CommonLibApplicationTests" time="0.724">
    <system-out><![CDATA[17:49:31.145 [main] INFO org.springframework.test.context.support.AnnotationConfigContextLoaderUtils -- Could not detect default configuration classes for test class [com.example.commonlib.CommonLibApplicationTests]: CommonLibApplicationTests does not declare any static, non-private, non-final, nested classes annotated with @Configuration.
17:49:31.432 [main] INFO org.springframework.boot.test.context.SpringBootTestContextBootstrapper -- Found @SpringBootConfiguration com.example.commonlib.CommonLibApplication for test class com.example.commonlib.CommonLibApplicationTests

  .   ____          _            __ _ _
 /\\ / ___'_ __ _ _(_)_ __  __ _ \ \ \ \
( ( )\___ | '_ | '_| | '_ \/ _` | \ \ \ \
 \\/  ___)| |_)| | | | | || (_| |  ) ) ) )
  '  |____| .__|_| |_|_| |_\__, | / / / /
 =========|_|==============|___/=/_/_/_/

 :: Spring Boot ::                (v3.5.7)

2026-02-05T17:49:32.419+07:00  INFO 13416 --- [           main] c.e.commonlib.CommonLibApplicationTests  : Starting CommonLibApplicationTests using Java 17.0.12 with PID 13416 (started by Admin in C:\Users\Admin\IdeaProjects\common-lib)
2026-02-05T17:49:32.421+07:00  INFO 13416 --- [           main] c.e.commonlib.CommonLibApplicationTests  : No active profile set, falling back to 1 default profile: "default"
2026-02-05T17:49:33.196+07:00  INFO 13416 --- [           main] o.s.cloud.context.scope.GenericScope     : BeanFactory id=cead800a-cab5-3aff-bbf7-416596064718
2026-02-05T17:49:33.869+07:00  INFO 13416 --- [           main] c.e.commonlib.CommonLibApplicationTests  : Started CommonLibApplicationTests in 1.978 seconds (process running for 3.636)
]]></system-out>
  </testcase>
</testsuite>